2013-10-29T09:41:06-07:00 [Order] The class "Order" was initiated!
2013-10-29T09:41:06-07:00 [Order] Order::GetOrderItem
2013-10-29T09:41:06-07:00 [Order] Select * from OrderItems where order_number <> '' and order_item_id=183
2013-10-29T11:30:03-07:00 [Part] The class "Part" was initiated!
2013-10-29T11:31:03-07:00 [Part] The class "Part" was initiated!
2013-10-29T11:31:11-07:00 [Part] The class "Part" was initiated!
2013-10-29T11:31:31-07:00 [Part] The class "Part" was initiated!
2013-10-29T11:31:43-07:00 [Part] The class "Part" was initiated!
2013-10-29T11:32:49-07:00 [Part] The class "Part" was initiated!
2013-10-29T11:36:34-07:00 [Part] The class "Part" was initiated!
2013-10-29T11:37:07-07:00 [Part] The class "Part" was initiated!
2013-10-29T12:03:16-07:00 [Part] The class "Part" was initiated!
2013-10-29T12:04:25-07:00 [Part] The class "Part" was initiated!
2013-10-29T14:26:54-07:00 [Part] The class "Part" was initiated!
2013-10-29T16:16:30-07:00 [Order] The class "Order" was initiated!
2013-10-29T16:16:30-07:00 [Order] Order::GetOrderItem
2013-10-29T16:16:30-07:00 [Order] Select * from OrderItems where order_number <> '' and order_item_id=189
2013-10-30T11:47:33-07:00 [Part] The class "Part" was initiated!
2013-10-30T11:49:31-07:00 [Part] The class "Part" was initiated!
2013-10-30T13:15:11-07:00 [Part] The class "Part" was initiated!
2013-10-30T13:15:38-07:00 [Part] The class "Part" was initiated!
2013-10-31T10:28:51-07:00 [Part] The class "Part" was initiated!
2013-10-31T12:54:49-07:00 [Order] The class "Order" was initiated!
2013-10-31T12:54:49-07:00 [Order] Order::GetOrderItem
2013-10-31T12:54:49-07:00 [Order] Select * from OrderItems where order_number <> '' and order_item_id=197
2013-10-31T12:55:21-07:00 [Order] The class "Order" was initiated!
2013-10-31T12:55:21-07:00 [Order] Order::GetOrderItem
2013-10-31T12:55:21-07:00 [Order] Select * from OrderItems where order_number <> '' and order_item_id=197
2013-10-31T12:55:38-07:00 [Order] The class "Order" was initiated!
2013-10-31T12:55:38-07:00 [Order] Order::GetOrderItem
2013-10-31T12:55:38-07:00 [Order] Select * from OrderItems where order_number <> '' and order_item_id=197
2013-10-31T12:58:55-07:00 [Order] The class "Order" was initiated!
2013-10-31T13:03:22-07:00 [Order] The class "Order" was initiated!
2013-10-31T13:03:22-07:00 [Order] Order::GetOrderItem
2013-10-31T13:03:22-07:00 [Order] Select * from OrderItems where order_number <> '' and order_item_id=198
2013-10-31T13:05:14-07:00 [Order] The class "Order" was initiated!
2013-10-31T13:05:14-07:00 [Order] Order::GetOrderItem
2013-10-31T13:05:14-07:00 [Order] Select * from OrderItems where order_number <> '' and order_item_id=198
2013-10-31T13:06:54-07:00 [Order] The class "Order" was initiated!
2013-10-31T13:06:54-07:00 [Order] Order::GetOrderItem
2013-10-31T13:06:54-07:00 [Order] Select * from OrderItems where order_number <> '' and order_item_id=198
2013-10-31T13:07:44-07:00 [Order] The class "Order" was initiated!
2013-10-31T13:07:44-07:00 [Order] Order::GetOrderItem
2013-10-31T13:07:44-07:00 [Order] Select * from OrderItems where order_number <> '' and order_item_id=198
2013-10-31T13:08:07-07:00 [Order] The class "Order" was initiated!
2013-10-31T13:08:07-07:00 [Order] Order::GetOrderItem
2013-10-31T13:08:07-07:00 [Order] Select * from OrderItems where order_number <> '' and order_item_id=199
2013-11-01T08:52:59-07:00 [Part] The class "Part" was initiated!
2013-11-01T08:53:05-07:00 [Part] The class "Part" was initiated!
2013-11-01T08:58:27-07:00 [Order] The class "Order" was initiated!
2013-11-01T08:58:27-07:00 [Order] Order::GetOrderItem
2013-11-01T08:58:27-07:00 [Order] Select * from OrderItems where order_number <> '' and order_item_id=202
2013-11-01T08:58:49-07:00 [Order] The class "Order" was initiated!
2013-11-01T08:58:49-07:00 [Order] Order::GetOrderItem
2013-11-01T08:58:49-07:00 [Order] Select * from OrderItems where order_number <> '' and order_item_id=202
2013-11-01T08:59:12-07:00 [Order] The class "Order" was initiated!
2013-11-01T08:59:12-07:00 [Order] Order::GetOrderItem
2013-11-01T08:59:12-07:00 [Order] Select * from OrderItems where order_number <> '' and order_item_id=203
2013-11-01T09:18:28-07:00 [Order] The class "Order" was initiated!
2013-11-01T09:18:28-07:00 [Order] Order::GetOrderItem
2013-11-01T09:18:28-07:00 [Order] Select * from OrderItems where order_number <> '' and order_item_id=204
2013-11-01T10:21:11-07:00 [Order] The class "Order" was initiated!
2013-11-01T10:21:11-07:00 [Order] Order::GetOrderItem
2013-11-01T10:21:11-07:00 [Order] Select * from OrderItems where order_number <> '' and order_item_id=206
2013-11-01T10:21:26-07:00 [Order] The class "Order" was initiated!
2013-11-01T10:21:26-07:00 [Order] Order::GetOrderItem
2013-11-01T10:21:26-07:00 [Order] Select * from OrderItems where order_number <> '' and order_item_id=207
2013-11-01T12:05:30-07:00 [Order] The class "Order" was initiated!
2013-11-01T12:05:30-07:00 [Order] Order::GetOrderItem
2013-11-01T12:05:30-07:00 [Order] Select * from OrderItems where order_number <> '' and order_item_id=209
2013-11-01T12:06:14-07:00 [Order] The class "Order" was initiated!
2013-11-01T12:06:14-07:00 [Order] Order::GetOrderItem
2013-11-01T12:06:14-07:00 [Order] Select * from OrderItems where order_number <> '' and order_item_id=210
2013-11-01T12:07:57-07:00 [Order] The class "Order" was initiated!
2013-11-01T12:07:57-07:00 [Order] Order::GetOrderItem
2013-11-01T12:07:57-07:00 [Order] Select * from OrderItems where order_number <> '' and order_item_id=212
2013-11-01T12:48:33-07:00 [Order] The class "Order" was initiated!
2013-11-01T12:49:04-07:00 [Order] The class "Order" was initiated!
2013-11-01T12:49:07-07:00 [Order] The class "Order" was initiated!
2013-11-01T13:55:59-07:00 [Order] The class "Order" was initiated!
2013-11-01T13:55:59-07:00 [Order] Order::GetOrderItem
2013-11-01T13:55:59-07:00 [Order] Select * from OrderItems where order_number <> '' and order_item_id=215
2013-11-01T14:24:03-07:00 [Order] The class "Order" was initiated!
2013-11-01T14:24:04-07:00 [Order] Order::GetOrderItem
2013-11-01T14:24:04-07:00 [Order] Select * from OrderItems where order_number <> '' and order_item_id=216
2013-11-01T14:48:19-07:00 [Part] The class "Part" was initiated!
2013-11-01T14:49:18-07:00 [Part] The class "Part" was initiated!
2013-11-01T14:49:41-07:00 [Part] The class "Part" was initiated!
2013-11-01T14:50:00-07:00 [Part] The class "Part" was initiated!
2013-11-01T18:45:17-07:00 [Order] The class "Order" was initiated!
2013-11-01T18:45:18-07:00 [Order] Order::GetOrderItem
2013-11-01T18:45:18-07:00 [Order] Select * from OrderItems where order_number <> '' and order_item_id=217
2013-11-01T18:51:43-07:00 [Order] The class "Order" was initiated!
2013-11-01T18:51:43-07:00 [Order] Order::GetOrderItem
2013-11-01T18:51:43-07:00 [Order] Select * from OrderItems where order_number <> '' and order_item_id=218
2013-11-01T19:03:37-07:00 [Order] The class "Order" was initiated!
2013-11-01T19:03:37-07:00 [Order] Order::GetOrderItem
2013-11-01T19:03:37-07:00 [Order] Select * from OrderItems where order_number <> '' and order_item_id=219
2013-11-04T10:55:06-07:00 [Order] The class "Order" was initiated!
2013-11-04T10:55:06-07:00 [Order] Order::GetOrderItem
2013-11-04T10:55:06-07:00 [Order] Select * from OrderItems where order_number <> '' and order_item_id=240
2013-11-04T10:58:19-07:00 [Part] The class "Part" was initiated!
2013-11-04T10:58:34-07:00 [Part] The class "Part" was initiated!
2013-11-04T11:11:02-07:00 [Order] The class "Order" was initiated!
2013-11-04T12:53:30-07:00 [Order] The class "Order" was initiated!
2013-11-04T12:53:30-07:00 [Order] Order::GetOrderItem
2013-11-04T12:53:30-07:00 [Order] Select * from OrderItems where order_number <> '' and order_item_id=247
2013-11-04T12:55:59-07:00 [Order] The class "Order" was initiated!
2013-11-04T12:55:59-07:00 [Order] Order::GetOrderItem
2013-11-04T12:55:59-07:00 [Order] Select * from OrderItems where order_number <> '' and order_item_id=248
2013-11-04T14:02:14-07:00 [Part] The class "Part" was initiated!
2013-11-04T14:03:39-07:00 [Order] The class "Order" was initiated!
2013-11-04T14:03:39-07:00 [Order] Order::GetOrderItem
2013-11-04T14:03:39-07:00 [Order] Select * from OrderItems where order_number <> '' and order_item_id=256
2013-11-04T16:52:37-07:00 [Order] The class "Order" was initiated!
2013-11-04T16:52:49-07:00 [Order] The class "Order" was initiated!
2013-11-04T16:52:49-07:00 [Order] Order::GetOrderItem
2013-11-04T16:52:49-07:00 [Order] Select * from OrderItems where order_number <> '' and order_item_id=269
2013-11-04T17:17:09-07:00 [Order] The class "Order" was initiated!
2013-11-04T17:17:35-07:00 [Order] The class "Order" was initiated!
2013-11-04T17:17:35-07:00 [Order] Order::GetOrderItem
2013-11-04T17:17:35-07:00 [Order] Select * from OrderItems where order_number <> '' and order_item_id=278
2013-11-04T17:17:58-07:00 [Order] The class "Order" was initiated!
2013-11-04T17:17:58-07:00 [Order] Order::GetOrderItem
2013-11-04T17:17:58-07:00 [Order] Select * from OrderItems where order_number <> '' and order_item_id=279
2013-11-04T17:52:13-07:00 [Order] The class "Order" was initiated!
2013-11-04T17:52:13-07:00 [Order] Order::GetOrderItem
2013-11-04T17:52:13-07:00 [Order] Select * from OrderItems where order_number <> '' and order_item_id=283
2013-11-04T18:15:33-07:00 [Part] The class "Part" was initiated!
2013-11-04T18:24:37-07:00 [Part] The class "Part" was initiated!
2013-11-04T18:25:30-07:00 [Part] The class "Part" was initiated!
2013-11-04T18:30:10-07:00 [Order] The class "Order" was initiated!
2013-11-05T10:17:00-07:00 [Order] The class "Order" was initiated!
2013-11-05T10:18:18-07:00 [Order] The class "Order" was initiated!
2013-11-05T10:18:18-07:00 [Order] Order::GetOrderItem
2013-11-05T10:18:18-07:00 [Order] Select * from OrderItems where order_number <> '' and order_item_id=298
2013-11-05T10:48:55-07:00 [Order] The class "Order" was initiated!
2013-11-05T10:53:33-07:00 [Order] The class "Order" was initiated!
2013-11-05T10:53:33-07:00 [Order] Order::GetOrderItem
2013-11-05T10:53:33-07:00 [Order] Select * from OrderItems where order_number <> '' and order_item_id=298
2013-11-05T11:10:06-07:00 [Order] The class "Order" was initiated!
2013-11-05T11:10:06-07:00 [Order] Order::GetOrderItem
2013-11-05T11:10:06-07:00 [Order] Select * from OrderItems where order_number <> '' and order_item_id=300
2013-11-05T11:10:10-07:00 [Order] The class "Order" was initiated!
2013-11-05T11:10:10-07:00 [Order] Order::GetOrderItem
2013-11-05T11:10:10-07:00 [Order] Select * from OrderItems where order_number <> '' and order_item_id=299
2013-11-05T11:10:17-07:00 [Order] The class "Order" was initiated!
2013-11-05T11:10:17-07:00 [Order] Order::GetOrderItem
2013-11-05T11:10:17-07:00 [Order] Select * from OrderItems where order_number <> '' and order_item_id=300
2013-11-05T11:10:19-07:00 [Order] The class "Order" was initiated!
2013-11-05T11:10:19-07:00 [Order] Order::GetOrderItem
2013-11-05T11:10:19-07:00 [Order] Select * from OrderItems where order_number <> '' and order_item_id=299
2013-11-05T11:10:45-07:00 [Order] The class "Order" was initiated!
2013-11-05T11:10:45-07:00 [Order] Order::GetOrderItem
2013-11-05T11:10:45-07:00 [Order] Select * from OrderItems where order_number <> '' and order_item_id=300
2013-11-05T11:12:15-07:00 [Order] The class "Order" was initiated!
2013-11-05T11:41:43-07:00 [Order] The class "Order" was initiated!
2013-11-05T11:41:43-07:00 [Order] Order::GetOrderItem
2013-11-05T11:41:43-07:00 [Order] Select * from OrderItems where order_number <> '' and order_item_id=304
2013-11-05T11:44:18-07:00 [Part] The class "Part" was initiated!
2013-11-05T11:54:10-07:00 [Part] The class "Part" was initiated!
2013-11-05T11:54:35-07:00 [Part] The class "Part" was initiated!
2013-11-05T12:08:54-07:00 [Order] The class "Order" was initiated!
2013-11-05T12:09:02-07:00 [Order] The class "Order" was initiated!
2013-11-05T12:09:02-07:00 [Order] Order::GetOrderItem
2013-11-05T12:09:02-07:00 [Order] Select * from OrderItems where order_number <> '' and order_item_id=305
2013-11-05T12:14:03-07:00 [Order] The class "Order" was initiated!
2013-11-05T12:14:03-07:00 [Order] Order::GetOrderItem
2013-11-05T12:14:03-07:00 [Order] Select * from OrderItems where order_number <> '' and order_item_id=305
2013-11-05T12:14:19-07:00 [Order] The class "Order" was initiated!
2013-11-05T12:14:19-07:00 [Order] Order::GetOrderItem
2013-11-05T12:14:19-07:00 [Order] Select * from OrderItems where order_number <> '' and order_item_id=305
2013-11-05T12:15:57-07:00 [Order] The class "Order" was initiated!
2013-11-05T12:15:57-07:00 [Order] Order::GetOrderItem
2013-11-05T12:15:57-07:00 [Order] Select * from OrderItems where order_number <> '' and order_item_id=307
2013-11-05T12:16:48-07:00 [Order] The class "Order" was initiated!
2013-11-05T12:16:48-07:00 [Order] Order::GetOrderItem
2013-11-05T12:16:48-07:00 [Order] Select * from OrderItems where order_number <> '' and order_item_id=308
2013-11-05T12:34:09-07:00 [Order] The class "Order" was initiated!
2013-11-05T12:39:52-07:00 [Order] The class "Order" was initiated!
2013-11-05T14:39:55-07:00 [Order] The class "Order" was initiated!
2013-11-05T14:39:55-07:00 [Order] Order::GetOrderItem
2013-11-05T14:39:55-07:00 [Order] Select * from OrderItems where order_number <> '' and order_item_id=313
2013-11-05T15:12:43-07:00 [Order] The class "Order" was initiated!
2013-11-05T15:12:43-07:00 [Order] Order::GetOrderItem
2013-11-05T15:12:43-07:00 [Order] Select * from OrderItems where order_number <> '' and order_item_id=314
2013-11-05T15:12:58-07:00 [Order] The class "Order" was initiated!
2013-11-05T15:12:58-07:00 [Order] Order::GetOrderItem
2013-11-05T15:12:58-07:00 [Order] Select * from OrderItems where order_number <> '' and order_item_id=318
2013-11-05T15:13:05-07:00 [Order] The class "Order" was initiated!
2013-11-05T15:13:05-07:00 [Order] Order::GetOrderItem
2013-11-05T15:13:05-07:00 [Order] Select * from OrderItems where order_number <> '' and order_item_id=317
2013-11-05T15:13:14-07:00 [Order] The class "Order" was initiated!
2013-11-05T15:13:14-07:00 [Order] Order::GetOrderItem
2013-11-05T15:13:14-07:00 [Order] Select * from OrderItems where order_number <> '' and order_item_id=318
2013-11-05T15:13:28-07:00 [Order] The class "Order" was initiated!
2013-11-05T15:13:28-07:00 [Order] Order::GetOrderItem
2013-11-05T15:13:28-07:00 [Order] Select * from OrderItems where order_number <> '' and order_item_id=317
2013-11-05T15:13:36-07:00 [Order] The class "Order" was initiated!
2013-11-05T15:13:36-07:00 [Order] Order::GetOrderItem
2013-11-05T15:13:36-07:00 [Order] Select * from OrderItems where order_number <> '' and order_item_id=316
2013-11-05T15:13:45-07:00 [Order] The class "Order" was initiated!
2013-11-05T15:13:45-07:00 [Order] Order::GetOrderItem
2013-11-05T15:13:45-07:00 [Order] Select * from OrderItems where order_number <> '' and order_item_id=315
2013-11-05T15:15:13-07:00 [Order] The class "Order" was initiated!
2013-11-05T15:15:13-07:00 [Order] Order::GetOrderItem
2013-11-05T15:15:13-07:00 [Order] Select * from OrderItems where order_number <> '' and order_item_id=319
2013-11-05T15:15:22-07:00 [Order] The class "Order" was initiated!
2013-11-05T15:15:22-07:00 [Order] Order::GetOrderItem
2013-11-05T15:15:22-07:00 [Order] Select * from OrderItems where order_number <> '' and order_item_id=319
2013-11-05T15:16:13-07:00 [Order] The class "Order" was initiated!
2013-11-05T15:16:13-07:00 [Order] Order::GetOrderItem
2013-11-05T15:16:13-07:00 [Order] Select * from OrderItems where order_number <> '' and order_item_id=319
2013-11-05T15:16:36-07:00 [Order] The class "Order" was initiated!
2013-11-05T15:16:36-07:00 [Order] Order::GetOrderItem
2013-11-05T15:16:36-07:00 [Order] Select * from OrderItems where order_number <> '' and order_item_id=319
2013-11-05T15:31:46-07:00 [Order] The class "Order" was initiated!
2013-11-05T15:31:46-07:00 [Order] Order::GetOrderItem
2013-11-05T15:31:46-07:00 [Order] Select * from OrderItems where order_number <> '' and order_item_id=320
2013-11-05T15:42:35-07:00 [Order] The class "Order" was initiated!
2013-11-05T15:42:35-07:00 [Order] Order::GetOrderItem
2013-11-05T15:42:35-07:00 [Order] Select * from OrderItems where order_number <> '' and order_item_id=321
2013-11-05T15:43:13-07:00 [Order] The class "Order" was initiated!
2013-11-05T15:43:13-07:00 [Order] Order::GetOrderItem
2013-11-05T15:43:13-07:00 [Order] Select * from OrderItems where order_number <> '' and order_item_id=321
2013-11-05T15:43:19-07:00 [Order] The class "Order" was initiated!
2013-11-05T15:43:19-07:00 [Order] Order::GetOrderItem
2013-11-05T15:43:19-07:00 [Order] Select * from OrderItems where order_number <> '' and order_item_id=322
2013-11-05T15:43:26-07:00 [Order] The class "Order" was initiated!
2013-11-05T15:43:26-07:00 [Order] Order::GetOrderItem
2013-11-05T15:43:26-07:00 [Order] Select * from OrderItems where order_number <> '' and order_item_id=321
2013-11-05T15:47:29-07:00 [Order] The class "Order" was initiated!
2013-11-05T15:54:39-07:00 [Order] The class "Order" was initiated!
2013-11-05T15:54:39-07:00 [Order] Order::GetOrderItem
2013-11-05T15:54:39-07:00 [Order] Select * from OrderItems where order_number <> '' and order_item_id=325
2013-11-05T17:38:34-07:00 [Order] The class "Order" was initiated!
2013-11-05T17:38:34-07:00 [Order] Order::GetOrderItem
2013-11-05T17:38:34-07:00 [Order] Select * from OrderItems where order_number <> '' and order_item_id=331
2013-11-05T17:38:53-07:00 [Order] The class "Order" was initiated!
2013-11-05T17:38:53-07:00 [Order] Order::GetOrderItem
2013-11-05T17:38:53-07:00 [Order] Select * from OrderItems where order_number <> '' and order_item_id=332
2013-11-06T10:31:59-07:00 [Order] The class "Order" was initiated!
2013-11-06T11:04:53-07:00 [Order] The class "Order" was initiated!
2013-11-06T11:28:08-07:00 [Order] The class "Order" was initiated!
2013-11-06T11:49:39-07:00 [Order] The class "Order" was initiated!
2013-11-06T11:58:32-07:00 [Order] The class "Order" was initiated!
2013-11-06T11:58:32-07:00 [Order] Order::GetOrderItem
2013-11-06T11:58:32-07:00 [Order] Select * from OrderItems where order_number <> '' and order_item_id=342
2013-11-06T11:58:55-07:00 [Order] The class "Order" was initiated!
2013-11-06T11:58:55-07:00 [Order] Order::GetOrderItem
2013-11-06T11:58:55-07:00 [Order] Select * from OrderItems where order_number <> '' and order_item_id=347
2013-11-06T11:59:30-07:00 [Part] The class "Part" was initiated!
2013-11-06T13:50:29-07:00 [Order] The class "Order" was initiated!
2013-11-06T13:55:11-07:00 [Part] The class "Part" was initiated!
2013-11-06T14:02:28-07:00 [Order] The class "Order" was initiated!
2013-11-06T14:02:28-07:00 [Order] Order::GetOrderItem
2013-11-06T14:02:28-07:00 [Order] Select * from OrderItems where order_number <> '' and order_item_id=354
2013-11-06T14:02:45-07:00 [Order] The class "Order" was initiated!
2013-11-06T14:02:45-07:00 [Order] Order::GetOrderItem
2013-11-06T14:02:45-07:00 [Order] Select * from OrderItems where order_number <> '' and order_item_id=350
2013-11-06T14:49:29-07:00 [Order] The class "Order" was initiated!
2013-11-06T14:52:58-07:00 [Order] The class "Order" was initiated!
2013-11-06T14:52:58-07:00 [Order] Order::GetOrderItem
2013-11-06T14:52:58-07:00 [Order] Select * from OrderItems where order_number <> '' and order_item_id=360
2013-11-06T15:48:56-07:00 [Order] The class "Order" was initiated!
2013-11-06T15:48:56-07:00 [Order] Order::GetOrderItem
2013-11-06T15:48:56-07:00 [Order] Select * from OrderItems where order_number <> '' and order_item_id=362
2013-11-06T15:49:07-07:00 [Order] The class "Order" was initiated!
2013-11-06T15:49:07-07:00 [Order] Order::GetOrderItem
2013-11-06T15:49:07-07:00 [Order] Select * from OrderItems where order_number <> '' and order_item_id=361
2013-11-06T15:49:16-07:00 [Order] The class "Order" was initiated!
2013-11-06T15:49:16-07:00 [Order] Order::GetOrderItem
2013-11-06T15:49:16-07:00 [Order] Select * from OrderItems where order_number <> '' and order_item_id=356
2013-11-06T15:59:25-07:00 [Order] The class "Order" was initiated!
2013-11-06T18:58:14-07:00 [Order] The class "Order" was initiated!
2013-11-07T11:40:19-07:00 [Order] The class "Order" was initiated!
2013-11-07T11:40:19-07:00 [Order] Order::GetOrderItem
2013-11-07T11:40:19-07:00 [Order] Select * from OrderItems where order_number <> '' and order_item_id=372
2013-11-07T11:43:40-07:00 [Order] The class "Order" was initiated!
2013-11-07T11:47:22-07:00 [Order] The class "Order" was initiated!
2013-11-07T11:49:39-07:00 [Order] The class "Order" was initiated!
2013-11-07T11:50:25-07:00 [Order] The class "Order" was initiated!
2013-11-07T11:55:48-07:00 [Order] The class "Order" was initiated!
2013-11-07T12:59:55-07:00 [Order] The class "Order" was initiated!
2013-11-07T12:59:55-07:00 [Order] Order::GetOrderItem
2013-11-07T12:59:55-07:00 [Order] Select * from OrderItems where order_number <> '' and order_item_id=385
2013-11-07T13:00:33-07:00 [Order] The class "Order" was initiated!
2013-11-07T13:00:33-07:00 [Order] Order::GetOrderItem
2013-11-07T13:00:33-07:00 [Order] Select * from OrderItems where order_number <> '' and order_item_id=386
2013-11-07T16:15:55-07:00 [Order] The class "Order" was initiated!
2013-11-07T16:35:28-07:00 [Order] The class "Order" was initiated!
2013-11-07T16:35:28-07:00 [Order] Order::GetOrderItem
2013-11-07T16:35:28-07:00 [Order] Select * from OrderItems where order_number <> '' and order_item_id=399
2013-11-07T16:35:43-07:00 [Order] The class "Order" was initiated!
2013-11-07T16:35:43-07:00 [Order] Order::GetOrderItem
2013-11-07T16:35:43-07:00 [Order] Select * from OrderItems where order_number <> '' and order_item_id=398
2013-11-07T16:35:52-07:00 [Order] The class "Order" was initiated!
2013-11-07T16:35:52-07:00 [Order] Order::GetOrderItem
2013-11-07T16:35:52-07:00 [Order] Select * from OrderItems where order_number <> '' and order_item_id=398
2013-11-07T16:36:10-07:00 [Order] The class "Order" was initiated!
2013-11-07T16:36:10-07:00 [Order] Order::GetOrderItem
2013-11-07T16:36:10-07:00 [Order] Select * from OrderItems where order_number <> '' and order_item_id=398
2013-11-07T16:36:30-07:00 [Order] The class "Order" was initiated!
2013-11-07T16:36:30-07:00 [Order] Order::GetOrderItem
2013-11-07T16:36:30-07:00 [Order] Select * from OrderItems where order_number <> '' and order_item_id=397
2013-11-07T16:36:37-07:00 [Order] The class "Order" was initiated!
2013-11-07T16:36:37-07:00 [Order] Order::GetOrderItem
2013-11-07T16:36:37-07:00 [Order] Select * from OrderItems where order_number <> '' and order_item_id=396
2013-11-07T16:36:46-07:00 [Order] The class "Order" was initiated!
2013-11-07T16:36:46-07:00 [Order] Order::GetOrderItem
2013-11-07T16:36:46-07:00 [Order] Select * from OrderItems where order_number <> '' and order_item_id=395
2013-11-07T16:37:00-07:00 [Order] The class "Order" was initiated!
2013-11-07T16:37:00-07:00 [Order] Order::GetOrderItem
2013-11-07T16:37:00-07:00 [Order] Select * from OrderItems where order_number <> '' and order_item_id=394
2013-11-07T16:40:06-07:00 [Order] The class "Order" was initiated!
2013-11-07T16:40:06-07:00 [Order] Order::GetOrderItem
2013-11-07T16:40:06-07:00 [Order] Select * from OrderItems where order_number <> '' and order_item_id=394
2013-11-07T16:40:18-07:00 [Order] The class "Order" was initiated!
2013-11-07T16:40:18-07:00 [Order] Order::GetOrderItem
2013-11-07T16:40:18-07:00 [Order] Select * from OrderItems where order_number <> '' and order_item_id=393
2013-11-07T16:40:26-07:00 [Order] The class "Order" was initiated!
2013-11-07T16:40:26-07:00 [Order] Order::GetOrderItem
2013-11-07T16:40:26-07:00 [Order] Select * from OrderItems where order_number <> '' and order_item_id=392
2013-11-07T17:09:12-07:00 [Order] The class "Order" was initiated!
2013-11-07T17:09:12-07:00 [Order] Order::GetOrderItem
2013-11-07T17:09:12-07:00 [Order] Select * from OrderItems where order_number <> '' and order_item_id=400
2013-11-07T17:29:42-07:00 [Order] The class "Order" was initiated!
2013-11-07T17:29:53-07:00 [Order] The class "Order" was initiated!
2013-11-07T17:30:09-07:00 [Order] The class "Order" was initiated!
2013-11-07T17:30:38-07:00 [Order] The class "Order" was initiated!
2013-11-07T17:30:44-07:00 [Order] The class "Order" was initiated!
2013-11-07T17:30:44-07:00 [Order] Order::GetOrderItem
2013-11-07T17:30:44-07:00 [Order] Select * from OrderItems where order_number <> '' and order_item_id=402
2013-11-07T17:31:01-07:00 [Order] The class "Order" was initiated!
2013-11-07T17:31:01-07:00 [Order] Order::GetOrderItem
2013-11-07T17:31:01-07:00 [Order] Select * from OrderItems where order_number <> '' and order_item_id=401
2013-11-07T17:52:56-07:00 [Order] The class "Order" was initiated!
2013-11-07T17:52:56-07:00 [Order] Order::GetOrderItem
2013-11-07T17:52:56-07:00 [Order] Select * from OrderItems where order_number <> '' and order_item_id=403
2013-11-07T17:53:09-07:00 [Order] The class "Order" was initiated!
2013-11-07T17:53:09-07:00 [Order] Order::GetOrderItem
2013-11-07T17:53:09-07:00 [Order] Select * from OrderItems where order_number <> '' and order_item_id=404
2013-11-07T17:55:07-07:00 [Order] The class "Order" was initiated!
2013-11-07T17:55:07-07:00 [Order] Order::GetOrderItem
2013-11-07T17:55:07-07:00 [Order] Select * from OrderItems where order_number <> '' and order_item_id=405
2013-11-07T18:46:59-07:00 [Order] The class "Order" was initiated!
2013-11-07T18:46:59-07:00 [Order] Order::GetOrderItem
2013-11-07T18:46:59-07:00 [Order] Select * from OrderItems where order_number <> '' and order_item_id=406
2013-11-08T10:54:32-07:00 [Order] The class "Order" was initiated!
2013-11-08T11:46:55-07:00 [Order] The class "Order" was initiated!
2013-11-08T11:46:55-07:00 [Order] Order::GetOrderItem
2013-11-08T11:46:55-07:00 [Order] Select * from OrderItems where order_number <> '' and order_item_id=416
2013-11-08T11:47:07-07:00 [Order] The class "Order" was initiated!
2013-11-08T11:47:07-07:00 [Order] Order::GetOrderItem
2013-11-08T11:47:07-07:00 [Order] Select * from OrderItems where order_number <> '' and order_item_id=417
2013-11-08T12:33:30-07:00 [Order] The class "Order" was initiated!
2013-11-08T12:56:57-07:00 [Order] The class "Order" was initiated!
2013-11-08T13:10:54-07:00 [Order] The class "Order" was initiated!
2013-11-08T13:27:51-07:00 [Part] The class "Part" was initiated!
2013-11-08T13:28:56-07:00 [Order] The class "Order" was initiated!
2013-11-08T13:28:56-07:00 [Order] Order::GetOrderItem
2013-11-08T13:28:56-07:00 [Order] Select * from OrderItems where order_number <> '' and order_item_id=424
2013-11-08T13:29:06-07:00 [Order] The class "Order" was initiated!
2013-11-08T13:29:06-07:00 [Order] Order::GetOrderItem
2013-11-08T13:29:06-07:00 [Order] Select * from OrderItems where order_number <> '' and order_item_id=425
2013-11-08T13:30:11-07:00 [Order] The class "Order" was initiated!
2013-11-08T13:30:11-07:00 [Order] Order::GetOrderItem
2013-11-08T13:30:11-07:00 [Order] Select * from OrderItems where order_number <> '' and order_item_id=426
2013-11-08T13:31:41-07:00 [Order] The class "Order" was initiated!
2013-11-08T13:31:41-07:00 [Order] Order::GetOrderItem
2013-11-08T13:31:41-07:00 [Order] Select * from OrderItems where order_number <> '' and order_item_id=427
2013-11-08T14:14:19-07:00 [Part] The class "Part" was initiated!
2013-11-08T14:15:02-07:00 [Part] The class "Part" was initiated!
2013-11-08T15:15:18-07:00 [Order] The class "Order" was initiated!
2013-11-08T15:15:18-07:00 [Order] Order::GetOrderItem
2013-11-08T15:15:18-07:00 [Order] Select * from OrderItems where order_number <> '' and order_item_id=433
2013-11-08T15:15:29-07:00 [Order] The class "Order" was initiated!
2013-11-08T15:15:29-07:00 [Order] Order::GetOrderItem
2013-11-08T15:15:29-07:00 [Order] Select * from OrderItems where order_number <> '' and order_item_id=432
2013-11-08T16:12:22-07:00 [Order] The class "Order" was initiated!
2013-11-11T10:43:07-07:00 [Order] The class "Order" was initiated!
2013-11-11T10:43:07-07:00 [Order] Order::GetOrderItem
2013-11-11T10:43:07-07:00 [Order] Select * from OrderItems where order_number <> '' and order_item_id=440
2013-11-11T11:11:05-07:00 [Order] The class "Order" was initiated!
2013-11-11T11:11:05-07:00 [Order] Order::GetOrderItem
2013-11-11T11:11:05-07:00 [Order] Select * from OrderItems where order_number <> '' and order_item_id=442
2013-11-11T11:51:36-07:00 [Order] The class "Order" was initiated!
2013-11-11T11:56:12-07:00 [Part] The class "Part" was initiated!
2013-11-11T12:41:12-07:00 [Order] The class "Order" was initiated!
2013-11-11T12:41:12-07:00 [Order] Order::GetOrderItem
2013-11-11T12:41:12-07:00 [Order] Select * from OrderItems where order_number <> '' and order_item_id=459
2013-11-11T12:41:21-07:00 [Order] The class "Order" was initiated!
2013-11-11T12:41:21-07:00 [Order] Order::GetOrderItem
2013-11-11T12:41:21-07:00 [Order] Select * from OrderItems where order_number <> '' and order_item_id=458
2013-11-11T12:41:28-07:00 [Order] The class "Order" was initiated!
2013-11-11T12:41:28-07:00 [Order] Order::GetOrderItem
2013-11-11T12:41:28-07:00 [Order] Select * from OrderItems where order_number <> '' and order_item_id=457
2013-11-11T12:41:34-07:00 [Order] The class "Order" was initiated!
2013-11-11T12:41:34-07:00 [Order] Order::GetOrderItem
2013-11-11T12:41:34-07:00 [Order] Select * from OrderItems where order_number <> '' and order_item_id=456
2013-11-11T12:41:41-07:00 [Order] The class "Order" was initiated!
2013-11-11T12:41:41-07:00 [Order] Order::GetOrderItem
2013-11-11T12:41:41-07:00 [Order] Select * from OrderItems where order_number <> '' and order_item_id=455
2013-11-11T12:41:48-07:00 [Order] The class "Order" was initiated!
2013-11-11T12:41:48-07:00 [Order] Order::GetOrderItem
2013-11-11T12:41:48-07:00 [Order] Select * from OrderItems where order_number <> '' and order_item_id=454
2013-11-11T13:58:34-07:00 [Part] The class "Part" was initiated!
2013-11-11T13:58:35-07:00 [Part] Part::GetKit
2013-11-11T13:58:35-07:00 [Part] select a.*, b.* from PartMaster a, ChainKit b where a.part_number = b.part_number and a.category_id='KT' and a.rec_status=0 and a.part_number = 'Q5084801-6'
2013-11-11T14:12:41-07:00 [Part] The class "Part" was initiated!
2013-11-11T14:12:41-07:00 [Part] Part::GetKit
2013-11-11T14:12:41-07:00 [Part] select a.*, b.* from PartMaster a, ChainKit b where a.part_number = b.part_number and a.category_id='KT' and a.rec_status=0 and a.part_number = 'Q5184801-6'
2013-11-11T14:20:48-07:00 [Part] The class "Part" was initiated!
2013-11-11T14:20:48-07:00 [Part] Part::GetKit
2013-11-11T14:20:48-07:00 [Part] select a.*, b.* from PartMaster a, ChainKit b where a.part_number = b.part_number and a.category_id='KT' and a.rec_status=0 and a.part_number = '12345-1'
2013-11-11T14:25:33-07:00 [Order] The class "Order" was initiated!
2013-11-11T14:25:33-07:00 [Order] Order::GetOrderItem
2013-11-11T14:25:33-07:00 [Order] Select * from OrderItems where order_number <> '' and order_item_id=460
2013-11-11T14:29:14-07:00 [Part] The class "Part" was initiated!
2013-11-11T14:29:14-07:00 [Part] Part::GetKit
2013-11-11T14:29:14-07:00 [Part] select a.*, b.* from PartMaster a, ChainKit b where a.part_number = b.part_number and a.category_id='KT' and a.rec_status=0 and a.part_number = 'Q5074801-6'
2013-11-11T14:29:24-07:00 [Part] The class "Part" was initiated!
2013-11-11T14:29:24-07:00 [Part] Part::GetKit
2013-11-11T14:29:24-07:00 [Part] select a.*, b.* from PartMaster a, ChainKit b where a.part_number = b.part_number and a.category_id='KT' and a.rec_status=0 and a.part_number = 'R12A1009-2'
2013-11-11T14:36:20-07:00 [Order] The class "Order" was initiated!
2013-11-11T14:36:20-07:00 [Order] Order::GetOrderItem
2013-11-11T14:36:20-07:00 [Order] Select * from OrderItems where order_number <> '' and order_item_id=461
2013-11-11T14:37:26-07:00 [Part] The class "Part" was initiated!
2013-11-11T14:37:26-07:00 [Part] Part::GetKit
2013-11-11T14:37:26-07:00 [Part] select a.*, b.* from PartMaster a, ChainKit b where a.part_number = b.part_number and a.category_id='KT' and a.rec_status=0 and a.part_number = 'Q5199802-8'
2013-11-11T15:16:08-07:00 [Order] The class "Order" was initiated!
2013-11-11T15:16:08-07:00 [Order] Order::GetOrderItem
2013-11-11T15:16:08-07:00 [Order] Select * from OrderItems where order_number <> '' and order_item_id=462
2013-11-11T17:29:28-07:00 [Order] The class "Order" was initiated!
2013-11-11T17:29:28-07:00 [Order] Order::GetOrderItem
2013-11-11T17:29:28-07:00 [Order] Select * from OrderItems where order_number <> '' and order_item_id=463
2013-11-11T17:30:17-07:00 [Order] The class "Order" was initiated!
2013-11-11T17:30:17-07:00 [Order] Order::GetOrderItem
2013-11-11T17:30:17-07:00 [Order] Select * from OrderItems where order_number <> '' and order_item_id=463
2013-11-11T17:31:25-07:00 [Order] The class "Order" was initiated!
2013-11-11T17:32:42-07:00 [Order] The class "Order" was initiated!
2013-11-11T17:32:42-07:00 [Order] Order::GetOrderItem
2013-11-11T17:32:42-07:00 [Order] Select * from OrderItems where order_number <> '' and order_item_id=463
2013-11-11T17:47:46-07:00 [Order] The class "Order" was initiated!
2013-11-11T17:47:46-07:00 [Order] Order::GetOrderItem
2013-11-11T17:47:46-07:00 [Order] Select * from OrderItems where order_number <> '' and order_item_id=464
2013-11-11T17:56:40-07:00 [Order] The class "Order" was initiated!
2013-11-11T17:56:50-07:00 [Order] The class "Order" was initiated!
2013-11-11T18:15:50-07:00 [Order] The class "Order" was initiated!
2013-11-11T18:15:50-07:00 [Order] Order::GetOrderItem
2013-11-11T18:15:50-07:00 [Order] Select * from OrderItems where order_number <> '' and order_item_id=469
2013-11-11T18:16:03-07:00 [Order] The class "Order" was initiated!
2013-11-11T18:16:03-07:00 [Order] Order::GetOrderItem
2013-11-11T18:16:03-07:00 [Order] Select * from OrderItems where order_number <> '' and order_item_id=468
2013-11-11T18:16:13-07:00 [Order] The class "Order" was initiated!
2013-11-11T18:16:13-07:00 [Order] Order::GetOrderItem
2013-11-11T18:16:13-07:00 [Order] Select * from OrderItems where order_number <> '' and order_item_id=467
2013-11-12T09:45:36-07:00 [Order] The class "Order" was initiated!
2013-11-12T09:49:03-07:00 [Order] The class "Order" was initiated!
2013-11-12T11:38:20-07:00 [Order] The class "Order" was initiated!
2013-11-12T11:51:21-07:00 [Order] The class "Order" was initiated!
2013-11-12T12:01:03-07:00 [Part] The class "Part" was initiated!
2013-11-12T12:06:50-07:00 [Order] The class "Order" was initiated!
2013-11-12T12:16:01-07:00 [Order] The class "Order" was initiated!
2013-11-12T12:16:01-07:00 [Order] Order::GetOrderItem
2013-11-12T12:16:01-07:00 [Order] Select * from OrderItems where order_number <> '' and order_item_id=497
2013-11-12T12:16:31-07:00 [Order] The class "Order" was initiated!
2013-11-12T12:16:31-07:00 [Order] Order::GetOrderItem
2013-11-12T12:16:31-07:00 [Order] Select * from OrderItems where order_number <> '' and order_item_id=497
2013-11-12T12:16:40-07:00 [Order] The class "Order" was initiated!
2013-11-12T12:16:40-07:00 [Order] Order::GetOrderItem
2013-11-12T12:16:40-07:00 [Order] Select * from OrderItems where order_number <> '' and order_item_id=497
2013-11-12T14:07:21-07:00 [Order] The class "Order" was initiated!
2013-11-12T14:07:21-07:00 [Order] Order::GetOrderItem
2013-11-12T14:07:21-07:00 [Order] Select * from OrderItems where order_number <> '' and order_item_id=498
2013-11-12T14:40:59-07:00 [Order] The class "Order" was initiated!
2013-11-12T14:40:59-07:00 [Order] Order::GetOrderItem
2013-11-12T14:40:59-07:00 [Order] Select * from OrderItems where order_number <> '' and order_item_id=499
2013-11-12T14:42:43-07:00 [Order] The class "Order" was initiated!
2013-11-12T14:42:43-07:00 [Order] Order::GetOrderItem
2013-11-12T14:42:43-07:00 [Order] Select * from OrderItems where order_number <> '' and order_item_id=500
2013-11-12T15:03:48-07:00 [Order] The class "Order" was initiated!
2013-11-12T15:03:48-07:00 [Order] Order::GetOrderItem
2013-11-12T15:03:48-07:00 [Order] Select * from OrderItems where order_number <> '' and order_item_id=505
2013-11-12T15:03:57-07:00 [Order] The class "Order" was initiated!
2013-11-12T15:03:57-07:00 [Order] Order::GetOrderItem
2013-11-12T15:03:57-07:00 [Order] Select * from OrderItems where order_number <> '' and order_item_id=504
2013-11-12T15:04:05-07:00 [Order] The class "Order" was initiated!
2013-11-12T15:04:05-07:00 [Order] Order::GetOrderItem
2013-11-12T15:04:05-07:00 [Order] Select * from OrderItems where order_number <> '' and order_item_id=503
2013-11-12T15:04:12-07:00 [Order] The class "Order" was initiated!
2013-11-12T15:04:12-07:00 [Order] Order::GetOrderItem
2013-11-12T15:04:12-07:00 [Order] Select * from OrderItems where order_number <> '' and order_item_id=502
2013-11-12T15:04:18-07:00 [Order] The class "Order" was initiated!
2013-11-12T15:04:18-07:00 [Order] Order::GetOrderItem
2013-11-12T15:04:18-07:00 [Order] Select * from OrderItems where order_number <> '' and order_item_id=501
2013-11-12T16:32:57-07:00 [Part] The class "Part" was initiated!
2013-11-12T16:32:57-07:00 [Part] Part::GetKit
2013-11-12T16:32:57-07:00 [Part] select a.*, b.* from PartMaster a, ChainKit b where a.part_number = b.part_number and a.category_id='KT' and a.rec_status=0 and a.part_number = 'R3565001-5'
2013-11-12T16:33:51-07:00 [Part] The class "Part" was initiated!
2013-11-12T16:33:51-07:00 [Part] Part::GetKit
2013-11-12T16:33:51-07:00 [Part] select a.*, b.* from PartMaster a, ChainKit b where a.part_number = b.part_number and a.category_id='KT' and a.rec_status=0 and a.part_number = 'R3565001-5'
2013-11-12T16:34:05-07:00 [Part] The class "Part" was initiated!
2013-11-12T16:34:05-07:00 [Part] Part::GetKit
2013-11-12T16:34:05-07:00 [Part] select a.*, b.* from PartMaster a, ChainKit b where a.part_number = b.part_number and a.category_id='KT' and a.rec_status=0 and a.part_number = 'R3565001-5'
2013-11-12T16:35:32-07:00 [Part] The class "Part" was initiated!
2013-11-12T16:35:32-07:00 [Part] Part::GetKit
2013-11-12T16:35:32-07:00 [Part] select a.*, b.* from PartMaster a, ChainKit b where a.part_number = b.part_number and a.category_id='KT' and a.rec_status=0 and a.part_number = 'R3565001-5'
2013-11-12T16:38:15-07:00 [Order] The class "Order" was initiated!
2013-11-12T16:38:15-07:00 [Order] Order::GetOrderItem
2013-11-12T16:38:15-07:00 [Order] Select * from OrderItems where order_number <> '' and order_item_id=506
2013-11-12T16:53:31-07:00 [Order] The class "Order" was initiated!
2013-11-12T16:53:31-07:00 [Order] Order::GetOrderItem
2013-11-12T16:53:31-07:00 [Order] Select * from OrderItems where order_number <> '' and order_item_id=507
2013-11-12T16:53:57-07:00 [Order] The class "Order" was initiated!
2013-11-12T16:53:57-07:00 [Order] Order::GetOrderItem
2013-11-12T16:53:57-07:00 [Order] Select * from OrderItems where order_number <> '' and order_item_id=507
2013-11-12T16:58:20-07:00 [Order] The class "Order" was initiated!
2013-11-12T16:58:20-07:00 [Order] Order::GetOrderItem
2013-11-12T16:58:20-07:00 [Order] Select * from OrderItems where order_number <> '' and order_item_id=508
2013-11-12T17:11:04-07:00 [Order] The class "Order" was initiated!
2013-11-13T10:09:56-07:00 [Order] The class "Order" was initiated!
2013-11-13T10:09:56-07:00 [Order] Order::GetOrderItem
2013-11-13T10:09:56-07:00 [Order] Select * from OrderItems where order_number <> '' and order_item_id=510
2013-11-13T10:28:14-07:00 [Order] The class "Order" was initiated!
2013-11-13T10:28:14-07:00 [Order] Order::GetOrderItem
2013-11-13T10:28:14-07:00 [Order] Select * from OrderItems where order_number <> '' and order_item_id=511
2013-11-13T15:25:34-07:00 [Order] The class "Order" was initiated!
2013-11-13T15:25:34-07:00 [Order] Order::GetOrderItem
2013-11-13T15:25:34-07:00 [Order] Select * from OrderItems where order_number <> '' and order_item_id=516
2013-11-13T15:25:44-07:00 [Order] The class "Order" was initiated!
2013-11-13T15:25:44-07:00 [Order] Order::GetOrderItem
2013-11-13T15:25:44-07:00 [Order] Select * from OrderItems where order_number <> '' and order_item_id=515
2013-11-13T15:25:51-07:00 [Order] The class "Order" was initiated!
2013-11-13T15:25:51-07:00 [Order] Order::GetOrderItem
2013-11-13T15:25:51-07:00 [Order] Select * from OrderItems where order_number <> '' and order_item_id=514
2013-11-13T15:25:58-07:00 [Order] The class "Order" was initiated!
2013-11-13T15:25:58-07:00 [Order] Order::GetOrderItem
2013-11-13T15:25:58-07:00 [Order] Select * from OrderItems where order_number <> '' and order_item_id=513
2013-11-13T15:26:04-07:00 [Order] The class "Order" was initiated!
2013-11-13T15:26:04-07:00 [Order] Order::GetOrderItem
2013-11-13T15:26:04-07:00 [Order] Select * from OrderItems where order_number <> '' and order_item_id=512
2013-11-13T15:55:53-07:00 [Order] The class "Order" was initiated!
2013-11-14T09:28:05-07:00 [Order] The class "Order" was initiated!
2013-11-14T09:28:05-07:00 [Order] Order::GetOrderItem
2013-11-14T09:28:05-07:00 [Order] Select * from OrderItems where order_number <> '' and order_item_id=528
2013-11-14T10:41:41-07:00 [Order] The class "Order" was initiated!
2013-11-14T10:50:51-07:00 [Order] The class "Order" was initiated!
2013-11-14T10:50:51-07:00 [Order] Order::GetOrderItem
2013-11-14T10:50:51-07:00 [Order] Select * from OrderItems where order_number <> '' and order_item_id=532
2013-11-14T11:59:03-07:00 [Order] The class "Order" was initiated!
2013-11-14T11:59:03-07:00 [Order] Order::GetOrderItem
2013-11-14T11:59:03-07:00 [Order] Select * from OrderItems where order_number <> '' and order_item_id=545
2013-11-14T11:59:11-07:00 [Order] The class "Order" was initiated!
2013-11-14T11:59:11-07:00 [Order] Order::GetOrderItem
2013-11-14T11:59:11-07:00 [Order] Select * from OrderItems where order_number <> '' and order_item_id=544
2013-11-14T11:59:18-07:00 [Order] The class "Order" was initiated!
2013-11-14T11:59:18-07:00 [Order] Order::GetOrderItem
2013-11-14T11:59:18-07:00 [Order] Select * from OrderItems where order_number <> '' and order_item_id=543
2013-11-14T11:59:25-07:00 [Order] The class "Order" was initiated!
2013-11-14T11:59:25-07:00 [Order] Order::GetOrderItem
2013-11-14T11:59:25-07:00 [Order] Select * from OrderItems where order_number <> '' and order_item_id=542
2013-11-14T11:59:32-07:00 [Order] The class "Order" was initiated!
2013-11-14T11:59:32-07:00 [Order] Order::GetOrderItem
2013-11-14T11:59:32-07:00 [Order] Select * from OrderItems where order_number <> '' and order_item_id=541
2013-11-14T11:59:38-07:00 [Order] The class "Order" was initiated!
2013-11-14T11:59:38-07:00 [Order] Order::GetOrderItem
2013-11-14T11:59:38-07:00 [Order] Select * from OrderItems where order_number <> '' and order_item_id=540
2013-11-14T11:59:44-07:00 [Order] The class "Order" was initiated!
2013-11-14T11:59:44-07:00 [Order] Order::GetOrderItem
2013-11-14T11:59:44-07:00 [Order] Select * from OrderItems where order_number <> '' and order_item_id=539
2013-11-14T11:59:53-07:00 [Order] The class "Order" was initiated!
2013-11-14T11:59:53-07:00 [Order] Order::GetOrderItem
2013-11-14T11:59:53-07:00 [Order] Select * from OrderItems where order_number <> '' and order_item_id=538
2013-11-14T11:59:59-07:00 [Order] The class "Order" was initiated!
2013-11-14T11:59:59-07:00 [Order] Order::GetOrderItem
2013-11-14T11:59:59-07:00 [Order] Select * from OrderItems where order_number <> '' and order_item_id=537
2013-11-14T12:00:05-07:00 [Order] The class "Order" was initiated!
2013-11-14T12:00:05-07:00 [Order] Order::GetOrderItem
2013-11-14T12:00:05-07:00 [Order] Select * from OrderItems where order_number <> '' and order_item_id=536
2013-11-14T12:00:10-07:00 [Order] The class "Order" was initiated!
2013-11-14T12:00:10-07:00 [Order] Order::GetOrderItem
2013-11-14T12:00:10-07:00 [Order] Select * from OrderItems where order_number <> '' and order_item_id=535
2013-11-14T12:00:17-07:00 [Order] The class "Order" was initiated!
2013-11-14T12:00:17-07:00 [Order] Order::GetOrderItem
2013-11-14T12:00:17-07:00 [Order] Select * from OrderItems where order_number <> '' and order_item_id=534
2013-11-14T12:00:23-07:00 [Order] The class "Order" was initiated!
2013-11-14T12:00:23-07:00 [Order] Order::GetOrderItem
2013-11-14T12:00:23-07:00 [Order] Select * from OrderItems where order_number <> '' and order_item_id=533
2013-11-14T12:51:12-07:00 [Order] The class "Order" was initiated!
2013-11-14T12:57:46-07:00 [Order] The class "Order" was initiated!
2013-11-14T12:57:46-07:00 [Order] Order::GetOrderItem
2013-11-14T12:57:46-07:00 [Order] Select * from OrderItems where order_number <> '' and order_item_id=548
2013-11-14T18:05:34-07:00 [Order] The class "Order" was initiated!
2013-11-14T18:05:34-07:00 [Order] Order::GetOrderItem
2013-11-14T18:05:34-07:00 [Order] Select * from OrderItems where order_number <> '' and order_item_id=549
2013-11-14T18:09:32-07:00 [Order] The class "Order" was initiated!
2013-11-14T18:09:32-07:00 [Order] Order::GetOrderItem
2013-11-14T18:09:32-07:00 [Order] Select * from OrderItems where order_number <> '' and order_item_id=550
2013-11-14T18:45:29-07:00 [Order] The class "Order" was initiated!
2013-11-14T18:45:29-07:00 [Order] Order::GetOrderItem
2013-11-14T18:45:29-07:00 [Order] Select * from OrderItems where order_number <> '' and order_item_id=553
2013-11-14T18:45:48-07:00 [Order] The class "Order" was initiated!
2013-11-14T18:45:48-07:00 [Order] Order::GetOrderItem
2013-11-14T18:45:48-07:00 [Order] Select * from OrderItems where order_number <> '' and order_item_id=553
2013-11-15T11:36:33-07:00 [Order] The class "Order" was initiated!
2013-11-15T11:36:33-07:00 [Order] Order::GetOrderItem
2013-11-15T11:36:33-07:00 [Order] Select * from OrderItems where order_number <> '' and order_item_id=554
2013-11-15T11:41:01-07:00 [Part] The class "Part" was initiated!
2013-11-15T11:48:56-07:00 [Order] The class "Order" was initiated!
2013-11-15T11:49:33-07:00 [Order] The class "Order" was initiated!
2013-11-15T12:01:07-07:00 [Order] The class "Order" was initiated!
2013-11-15T12:01:07-07:00 [Order] Order::GetOrderItem
2013-11-15T12:01:07-07:00 [Order] Select * from OrderItems where order_number <> '' and order_item_id=566
2013-11-15T12:28:36-07:00 [Order] The class "Order" was initiated!
2013-11-15T13:05:36-07:00 [Part] The class "Part" was initiated!
2013-11-15T13:11:35-07:00 [Order] The class "Order" was initiated!
2013-11-15T13:11:35-07:00 [Order] Order::GetOrderItem
2013-11-15T13:11:35-07:00 [Order] Select * from OrderItems where order_number <> '' and order_item_id=570
2013-11-15T13:47:27-07:00 [Order] The class "Order" was initiated!
2013-11-15T13:47:27-07:00 [Order] Order::GetOrderItem
2013-11-15T13:47:27-07:00 [Order] Select * from OrderItems where order_number <> '' and order_item_id=571
2013-11-15T14:09:04-07:00 [Order] The class "Order" was initiated!
2013-11-15T14:09:04-07:00 [Order] Order::GetOrderItem
2013-11-15T14:09:04-07:00 [Order] Select * from OrderItems where order_number <> '' and order_item_id=572
2013-11-15T14:09:44-07:00 [Order] The class "Order" was initiated!
2013-11-15T14:09:44-07:00 [Order] Order::GetOrderItem
2013-11-15T14:09:44-07:00 [Order] Select * from OrderItems where order_number <> '' and order_item_id=572
2013-11-15T14:09:54-07:00 [Order] The class "Order" was initiated!
2013-11-15T14:09:54-07:00 [Order] Order::GetOrderItem
2013-11-15T14:09:54-07:00 [Order] Select * from OrderItems where order_number <> '' and order_item_id=572
2013-11-15T14:39:51-07:00 [Order] The class "Order" was initiated!
2013-11-15T14:39:51-07:00 [Order] Order::GetOrderItem
2013-11-15T14:39:51-07:00 [Order] Select * from OrderItems where order_number <> '' and order_item_id=576
2013-11-15T14:55:36-07:00 [Order] The class "Order" was initiated!
2013-11-15T14:55:36-07:00 [Order] Order::GetOrderItem
2013-11-15T14:55:36-07:00 [Order] Select * from OrderItems where order_number <> '' and order_item_id=572
2013-11-15T17:02:08-07:00 [Order] The class "Order" was initiated!
2013-11-15T17:02:08-07:00 [Order] Order::GetOrderItem
2013-11-15T17:02:08-07:00 [Order] Select * from OrderItems where order_number <> '' and order_item_id=577
2013-11-15T17:28:19-07:00 [Order] The class "Order" was initiated!
2013-11-15T17:28:19-07:00 [Order] Order::GetOrderItem
2013-11-15T17:28:19-07:00 [Order] Select * from OrderItems where order_number <> '' and order_item_id=584
2013-11-15T17:28:36-07:00 [Order] The class "Order" was initiated!
2013-11-15T17:28:36-07:00 [Order] Order::GetOrderItem
2013-11-15T17:28:36-07:00 [Order] Select * from OrderItems where order_number <> '' and order_item_id=583
2013-11-15T17:28:44-07:00 [Order] The class "Order" was initiated!
2013-11-15T17:28:44-07:00 [Order] Order::GetOrderItem
2013-11-15T17:28:44-07:00 [Order] Select * from OrderItems where order_number <> '' and order_item_id=582
2013-11-15T17:28:50-07:00 [Order] The class "Order" was initiated!
2013-11-15T17:28:50-07:00 [Order] Order::GetOrderItem
2013-11-15T17:28:51-07:00 [Order] Select * from OrderItems where order_number <> '' and order_item_id=581
2013-11-15T17:28:58-07:00 [Order] The class "Order" was initiated!
2013-11-15T17:28:58-07:00 [Order] Order::GetOrderItem
2013-11-15T17:28:58-07:00 [Order] Select * from OrderItems where order_number <> '' and order_item_id=580
2013-11-15T17:29:07-07:00 [Order] The class "Order" was initiated!
2013-11-15T17:29:07-07:00 [Order] Order::GetOrderItem
2013-11-15T17:29:07-07:00 [Order] Select * from OrderItems where order_number <> '' and order_item_id=579
2013-11-15T17:29:12-07:00 [Order] The class "Order" was initiated!
2013-11-15T17:29:12-07:00 [Order] Order::GetOrderItem
2013-11-15T17:29:12-07:00 [Order] Select * from OrderItems where order_number <> '' and order_item_id=578
2013-11-15T17:51:26-07:00 [Order] The class "Order" was initiated!
2013-11-15T17:56:10-07:00 [Order] The class "Order" was initiated!
2013-11-15T17:56:10-07:00 [Order] Order::GetOrderItem
2013-11-15T17:56:10-07:00 [Order] Select * from OrderItems where order_number <> '' and order_item_id=587
2013-11-18T10:40:24-07:00 [Order] The class "Order" was initiated!
2013-11-18T10:40:24-07:00 [Order] Order::GetOrderItem
2013-11-18T10:40:24-07:00 [Order] Select * from OrderItems where order_number <> '' and order_item_id=588
2013-11-18T10:45:00-07:00 [Order] The class "Order" was initiated!
2013-11-18T10:45:00-07:00 [Order] Order::GetOrderItem
2013-11-18T10:45:00-07:00 [Order] Select * from OrderItems where order_number <> '' and order_item_id=591
2013-11-18T10:45:15-07:00 [Order] The class "Order" was initiated!
2013-11-18T10:45:15-07:00 [Order] Order::GetOrderItem
2013-11-18T10:45:15-07:00 [Order] Select * from OrderItems where order_number <> '' and order_item_id=590
2013-11-18T10:45:21-07:00 [Order] The class "Order" was initiated!
2013-11-18T10:45:21-07:00 [Order] Order::GetOrderItem
2013-11-18T10:45:21-07:00 [Order] Select * from OrderItems where order_number <> '' and order_item_id=589
2013-11-18T11:19:52-07:00 [Order] The class "Order" was initiated!
2013-11-18T11:19:52-07:00 [Order] Order::GetOrderItem
2013-11-18T11:19:52-07:00 [Order] Select * from OrderItems where order_number <> '' and order_item_id=592
2013-11-18T15:50:43-07:00 [Order] The class "Order" was initiated!
2013-11-18T16:01:24-07:00 [Part] The class "Part" was initiated!
2013-11-18T16:15:23-07:00 [Order] The class "Order" was initiated!
2013-11-18T16:36:13-07:00 [Order] The class "Order" was initiated!
2013-11-18T16:36:13-07:00 [Order] Order::GetOrderItem
2013-11-18T16:36:13-07:00 [Order] Select * from OrderItems where order_number <> '' and order_item_id=617
2013-11-18T16:54:58-07:00 [Order] The class "Order" was initiated!
2013-11-18T16:54:58-07:00 [Order] Order::GetOrderItem
2013-11-18T16:54:58-07:00 [Order] Select * from OrderItems where order_number <> '' and order_item_id=618
2013-11-18T16:55:08-07:00 [Order] The class "Order" was initiated!
2013-11-18T16:55:08-07:00 [Order] Order::GetOrderItem
2013-11-18T16:55:08-07:00 [Order] Select * from OrderItems where order_number <> '' and order_item_id=619
2013-11-18T16:57:24-07:00 [Order] The class "Order" was initiated!
2013-11-19T10:52:19-07:00 [Order] The class "Order" was initiated!
2013-11-19T10:55:55-07:00 [Order] The class "Order" was initiated!
2013-11-19T10:55:55-07:00 [Order] Order::GetOrderItem
2013-11-19T10:55:55-07:00 [Order] Select * from OrderItems where order_number <> '' and order_item_id=635
2013-11-19T10:56:03-07:00 [Order] The class "Order" was initiated!
2013-11-19T10:56:03-07:00 [Order] Order::GetOrderItem
2013-11-19T10:56:03-07:00 [Order] Select * from OrderItems where order_number <> '' and order_item_id=634
2013-11-19T10:56:10-07:00 [Order] The class "Order" was initiated!
2013-11-19T10:56:10-07:00 [Order] Order::GetOrderItem
2013-11-19T10:56:10-07:00 [Order] Select * from OrderItems where order_number <> '' and order_item_id=633
2013-11-19T10:56:15-07:00 [Order] The class "Order" was initiated!
2013-11-19T10:56:15-07:00 [Order] Order::GetOrderItem
2013-11-19T10:56:15-07:00 [Order] Select * from OrderItems where order_number <> '' and order_item_id=632
2013-11-19T11:31:45-07:00 [Order] The class "Order" was initiated!
2013-11-19T11:31:45-07:00 [Order] Order::GetOrderItem
2013-11-19T11:31:45-07:00 [Order] Select * from OrderItems where order_number <> '' and order_item_id=636
2013-11-19T11:54:27-07:00 [Order] The class "Order" was initiated!
2013-11-19T11:54:28-07:00 [Order] Order::GetOrderItem
2013-11-19T11:54:28-07:00 [Order] Select * from OrderItems where order_number <> '' and order_item_id=638
2013-11-19T11:54:36-07:00 [Order] The class "Order" was initiated!
2013-11-19T11:54:36-07:00 [Order] Order::GetOrderItem
2013-11-19T11:54:36-07:00 [Order] Select * from OrderItems where order_number <> '' and order_item_id=637
2013-11-19T12:41:58-07:00 [Order] The class "Order" was initiated!
2013-11-19T12:41:58-07:00 [Order] Order::GetOrderItem
2013-11-19T12:41:58-07:00 [Order] Select * from OrderItems where order_number <> '' and order_item_id=640
2013-11-19T12:53:32-07:00 [Order] The class "Order" was initiated!
2013-11-19T12:53:32-07:00 [Order] Order::GetOrderItem
2013-11-19T12:53:32-07:00 [Order] Select * from OrderItems where order_number <> '' and order_item_id=641
2013-11-19T12:53:44-07:00 [Order] The class "Order" was initiated!
2013-11-19T12:53:44-07:00 [Order] Order::GetOrderItem
2013-11-19T12:53:44-07:00 [Order] Select * from OrderItems where order_number <> '' and order_item_id=642
2013-11-19T12:53:50-07:00 [Order] The class "Order" was initiated!
2013-11-19T12:53:50-07:00 [Order] Order::GetOrderItem
2013-11-19T12:53:50-07:00 [Order] Select * from OrderItems where order_number <> '' and order_item_id=643
2013-11-19T13:32:20-07:00 [Order] The class "Order" was initiated!
2013-11-19T13:32:20-07:00 [Order] Order::GetOrderItem
2013-11-19T13:32:20-07:00 [Order] Select * from OrderItems where order_number <> '' and order_item_id=644
2013-11-21T18:04:26+01:00 [Order] The class "Order" was initiated!
2013-11-21T18:04:26+01:00 [Order] Order::GetOrderItem
2013-11-21T18:04:26+01:00 [Order] Select * from OrderItems where order_number <> '' and order_item_id=645
2013-11-21T18:06:02+01:00 [Order] The class "Order" was initiated!
2013-11-21T18:06:02+01:00 [Order] Order::GetOrderItem
2013-11-21T18:06:02+01:00 [Order] Select * from OrderItems where order_number <> '' and order_item_id=645
2013-11-21T18:07:06+01:00 [Order] The class "Order" was initiated!
2013-11-21T18:07:06+01:00 [Order] Order::GetOrderItem
2013-11-21T18:07:06+01:00 [Order] Select * from OrderItems where order_number <> '' and order_item_id=645
2013-11-21T18:10:20+01:00 [Order] The class "Order" was initiated!
2013-11-21T18:10:20+01:00 [Order] Order::GetOrderItem
2013-11-21T18:10:20+01:00 [Order] Select * from OrderItems where order_number <> '' and order_item_id=645
2013-12-02T23:59:55+01:00 [Order] The class "Order" was initiated!
2013-12-02T23:59:55+01:00 [Order] Order::GetOrderItem
2013-12-02T23:59:55+01:00 [Order] Select * from OrderItems where order_number <> '' and order_item_id=645
2013-12-03T00:00:09+01:00 [Order] The class "Order" was initiated!
2013-12-03T00:00:31+01:00 [Order] The class "Order" was initiated!
2013-12-03T00:01:06+01:00 [Order] The class "Order" was initiated!
2013-12-03T00:01:57+01:00 [Order] The class "Order" was initiated!
2013-12-03T00:02:53+01:00 [Order] The class "Order" was initiated!
2013-12-03T00:02:53+01:00 [Order] Order::GetOrderItem
2013-12-03T00:02:53+01:00 [Order] Select * from OrderItems where order_number <> '' and order_item_id=645
2013-12-03T00:03:16+01:00 [Order] The class "Order" was initiated!
2013-12-03T00:06:11+01:00 [Order] The class "Order" was initiated!
2013-12-03T00:06:11+01:00 [Order] Order::GetOrderItem
2013-12-03T00:06:11+01:00 [Order] Select * from OrderItems where order_number <> '' and order_item_id=645
2013-12-03T00:06:34+01:00 [Order] The class "Order" was initiated!
2013-12-03T00:06:34+01:00 [Order] Order::GetOrderItem
2013-12-03T00:06:34+01:00 [Order] Select * from OrderItems where order_number <> '' and order_item_id=645
2013-12-03T00:06:54+01:00 [Order] The class "Order" was initiated!
2013-12-03T00:10:27+01:00 [Order] The class "Order" was initiated!
2013-12-03T00:15:50+01:00 [Order] The class "Order" was initiated!
2013-12-04T02:25:57+01:00 [Order] The class "Order" was initiated!
2013-12-04T02:25:57+01:00 [Order] Order::GetOrderItem
2013-12-04T02:25:57+01:00 [Order] Select * from OrderItems where order_number <> '' and order_item_id=645
2013-12-04T02:26:45+01:00 [Order] The class "Order" was initiated!
2013-12-04T02:26:45+01:00 [Order] Order::GetOrderItem
2013-12-04T02:26:45+01:00 [Order] Select * from OrderItems where order_number <> '' and order_item_id=645
2013-12-04T02:27:16+01:00 [Order] The class "Order" was initiated!
2013-12-04T02:27:16+01:00 [Order] Order::GetOrderItem
2013-12-04T02:27:16+01:00 [Order] Select * from OrderItems where order_number <> '' and order_item_id=645
2013-12-04T02:27:48+01:00 [Order] The class "Order" was initiated!
2013-12-04T02:27:48+01:00 [Order] Order::GetOrderItem
2013-12-04T02:27:48+01:00 [Order] Select * from OrderItems where order_number <> '' and order_item_id=645
2013-12-04T02:28:16+01:00 [Order] The class "Order" was initiated!
2013-12-04T02:28:16+01:00 [Order] Order::GetOrderItem
2013-12-04T02:28:16+01:00 [Order] Select * from OrderItems where order_number <> '' and order_item_id=645
2013-12-04T02:28:53+01:00 [Order] The class "Order" was initiated!
2013-12-04T02:28:53+01:00 [Order] Order::GetOrderItem
2013-12-04T02:28:53+01:00 [Order] Select * from OrderItems where order_number <> '' and order_item_id=645
2013-12-04T02:29:43+01:00 [Order] The class "Order" was initiated!
2013-12-04T02:30:37+01:00 [Order] The class "Order" was initiated!
2013-12-04T02:38:23+01:00 [Order] The class "Order" was initiated!
2013-12-04T02:38:23+01:00 [Order] Order::GetOrderItem
2013-12-04T02:38:23+01:00 [Order] Select * from OrderItems where order_number <> '' and order_item_id=645
