2013-10-28T19:11:34+01:00 [Part] The class "Part" was initiated!
2013-10-28T19:11:34+01:00 [Part] term:20
2013-10-28T19:11:34+01:00 [Part] Part::MasterPartAutoComplete
2013-10-28T19:11:34+01:00 [Part] select part_number from PartMaster where rec_status='0' and part_number like '20%' limit 25
2013-10-28T19:12:09+01:00 [Part] The class "Part" was initiated!
2013-10-28T19:12:09+01:00 [Part] term:20
2013-10-28T19:12:09+01:00 [Part] Part::MasterPartAutoComplete
2013-10-28T19:12:09+01:00 [Part] select part_number from PartMaster where rec_status='0' and part_number like '20%' limit 25
2013-10-28T19:16:28+01:00 [Part] The class "Part" was initiated!
2013-10-28T19:16:28+01:00 [Part] term:20311R-1
2013-10-28T19:16:28+01:00 [Part] Part::MasterPartAutoComplete
2013-10-28T19:16:28+01:00 [Part] select part_number from PartMaster where rec_status='0' and part_number like '20311R-1%' limit 25
2013-10-28T19:16:31+01:00 [Part] The class "Part" was initiated!
2013-10-28T19:16:31+01:00 [Part] term:208
2013-10-28T19:16:31+01:00 [Part] Part::MasterPartAutoComplete
2013-10-28T19:16:31+01:00 [Part] select part_number from PartMaster where rec_status='0' and part_number like '208%' limit 25
2013-10-28T19:16:41+01:00 [Part] The class "Part" was initiated!
2013-10-28T19:16:41+01:00 [Part] term:20
2013-10-28T19:16:41+01:00 [Part] Part::MasterPartAutoComplete
2013-10-28T19:16:41+01:00 [Part] select part_number from PartMaster where rec_status='0' and part_number like '20%' limit 25
2013-10-28T19:16:42+01:00 [Part] The class "Part" was initiated!
2013-10-28T19:16:42+01:00 [Part] term:208
2013-10-28T19:16:42+01:00 [Part] Part::MasterPartAutoComplete
2013-10-28T19:16:42+01:00 [Part] select part_number from PartMaster where rec_status='0' and part_number like '208%' limit 25
2013-10-28T19:16:44+01:00 [Part] The class "Part" was initiated!
2013-10-28T19:16:44+01:00 [Part] term:20
2013-10-28T19:16:44+01:00 [Part] Part::MasterPartAutoComplete
2013-10-28T19:16:44+01:00 [Part] select part_number from PartMaster where rec_status='0' and part_number like '20%' limit 25
2013-10-28T19:16:46+01:00 [Part] The class "Part" was initiated!
2013-10-28T19:17:45+01:00 [Part] The class "Part" was initiated!
2013-10-28T19:17:45+01:00 [Part] term:r1
2013-10-28T19:17:45+01:00 [Part] Part::MasterPartAutoComplete
2013-10-28T19:17:45+01:00 [Part] select part_number from PartMaster where rec_status='0' and part_number like 'r1%' limit 25
2013-10-28T19:17:46+01:00 [Part] The class "Part" was initiated!
2013-10-28T20:14:41+01:00 [Part] The class "Part" was initiated!
2013-10-28T20:14:41+01:00 [Part] term:123
2013-10-28T20:14:41+01:00 [Part] Part::MasterPartAutoComplete
2013-10-28T20:14:41+01:00 [Part] select part_number from PartMaster where rec_status='0' and part_number like '123%' limit 25
2013-10-28T20:14:42+01:00 [Part] The class "Part" was initiated!
2013-10-28T20:27:53+01:00 [Part] The class "Part" was initiated!
2013-10-28T20:27:53+01:00 [Part] term:12
2013-10-28T20:27:53+01:00 [Part] Part::MasterPartAutoComplete
2013-10-28T20:27:53+01:00 [Part] select part_number from PartMaster where rec_status='0' and part_number like '12%' limit 25
2013-10-28T20:27:55+01:00 [Part] The class "Part" was initiated!
2013-10-28T20:28:00+01:00 [Part] The class "Part" was initiated!
2013-10-28T20:28:00+01:00 [Part] term:r1
2013-10-28T20:28:00+01:00 [Part] Part::MasterPartAutoComplete
2013-10-28T20:28:00+01:00 [Part] select part_number from PartMaster where rec_status='0' and part_number like 'r1%' limit 25
2013-10-28T20:28:02+01:00 [Part] The class "Part" was initiated!
2013-10-28T23:17:03+01:00 [Part] The class "Part" was initiated!
2013-10-28T23:17:03+01:00 [Part] term:12
2013-10-28T23:17:03+01:00 [Part] Part::MasterPartAutoComplete
2013-10-28T23:17:03+01:00 [Part] select part_number from PartMaster where rec_status='0' and part_number like '12%' limit 25
2013-10-28T23:17:04+01:00 [Part] The class "Part" was initiated!
2013-10-28T23:17:37+01:00 [Part] The class "Part" was initiated!
2013-10-28T23:17:37+01:00 [Part] term:12
2013-10-28T23:17:37+01:00 [Part] Part::MasterPartAutoComplete
2013-10-28T23:17:37+01:00 [Part] select part_number from PartMaster where rec_status='0' and part_number like '12%' limit 25
2013-10-28T23:17:40+01:00 [Part] The class "Part" was initiated!
2013-10-29T00:09:52+01:00 [Kit] The class "Kit" was initiated!
2013-10-29T00:12:10+01:00 [Kit] The class "Kit" was initiated!
2013-10-29T00:12:48+01:00 [Kit] The class "Kit" was initiated!
2013-10-29T00:13:28+01:00 [Kit] The class "Kit" was initiated!
2013-10-29T00:13:28+01:00 [Kit] The class "Kit" was initiated!
2013-10-29T00:13:54+01:00 [Kit] The class "Kit" was initiated!
2013-10-29T00:13:54+01:00 [Kit] The class "Kit" was initiated!
2013-10-29T00:17:16+01:00 [Order] The class "Order" was initiated!
2013-10-29T00:17:16+01:00 [Order] Order::GetOrderItem
2013-10-29T00:17:16+01:00 [Order] Select * from OrderItems where order_number <> '' and order_item_id=93
2013-10-29T00:17:41+01:00 [Kit] The class "Kit" was initiated!
2013-10-29T00:17:41+01:00 [Order] The class "Order" was initiated!
2013-10-29T00:17:41+01:00 [Kit] The class "Kit" was initiated!
2013-10-29T00:18:13+01:00 [Order] The class "Order" was initiated!
2013-10-29T00:18:13+01:00 [Order] The class "Order" was initiated!
2013-10-29T00:18:14+01:00 [Order] The class "Order" was initiated!
2013-10-29T00:18:14+01:00 [Order] The class "Order" was initiated!
2013-10-29T00:19:13+01:00 [Order] The class "Order" was initiated!
2013-10-29T00:19:13+01:00 [Order] Order::GetOrderItem
2013-10-29T00:19:13+01:00 [Order] Select * from OrderItems where order_number <> '' and order_item_id=93
2013-10-29T00:20:17+01:00 [Kit] The class "Kit" was initiated!
2013-10-29T00:20:17+01:00 [Order] The class "Order" was initiated!
2013-10-29T00:20:18+01:00 [Kit] The class "Kit" was initiated!
2013-10-29T00:49:48+01:00 [Order] The class "Order" was initiated!
2013-10-29T00:49:48+01:00 [Order] The class "Order" was initiated!
2013-10-29T00:49:48+01:00 [Order] The class "Order" was initiated!
2013-10-29T00:49:49+01:00 [Order] The class "Order" was initiated!
2013-10-29T00:50:05+01:00 [Order] The class "Order" was initiated!
2013-10-29T00:50:05+01:00 [Order] Order::GetOrderItem
2013-10-29T00:50:05+01:00 [Order] Select * from OrderItems where order_number <> '' and order_item_id=93
2013-10-29T00:50:05+01:00 [Kit] The class "Kit" was initiated!
2013-10-29T00:51:16+01:00 [Order] The class "Order" was initiated!
2013-10-29T00:51:16+01:00 [Order] Order::GetOrderItem
2013-10-29T00:51:16+01:00 [Order] Select * from OrderItems where order_number <> '' and order_item_id=93
2013-10-29T00:53:22+01:00 [Kit] The class "Kit" was initiated!
2013-10-29T00:53:38+01:00 [Order] The class "Order" was initiated!
2013-10-29T00:53:38+01:00 [Order] Order::GetOrderItem
2013-10-29T00:53:38+01:00 [Order] Select * from OrderItems where order_number <> '' and order_item_id=93
2013-10-29T00:53:59+01:00 [Kit] The class "Kit" was initiated!
2013-10-29T00:58:47+01:00 [Order] The class "Order" was initiated!
2013-10-29T00:58:47+01:00 [Order] Order::GetOrderItem
2013-10-29T00:58:47+01:00 [Order] Select * from OrderItems where order_number <> '' and order_item_id=93
2013-10-29T00:58:49+01:00 [Kit] The class "Kit" was initiated!
2013-10-29T01:00:01+01:00 [Order] The class "Order" was initiated!
2013-10-29T01:00:01+01:00 [Order] Order::GetOrderItem
2013-10-29T01:00:01+01:00 [Order] Select * from OrderItems where order_number <> '' and order_item_id=93
2013-10-29T01:00:02+01:00 [Kit] The class "Kit" was initiated!
2013-10-29T01:12:31+01:00 [Order] The class "Order" was initiated!
2013-10-29T01:12:31+01:00 [Order] The class "Order" was initiated!
2013-10-29T01:12:31+01:00 [Order] The class "Order" was initiated!
2013-10-29T01:12:31+01:00 [Order] The class "Order" was initiated!
2013-10-29T01:23:17+01:00 [Order] The class "Order" was initiated!
2013-10-29T01:23:17+01:00 [Order] The class "Order" was initiated!
2013-10-29T01:23:17+01:00 [Order] The class "Order" was initiated!
2013-10-29T01:23:17+01:00 [Order] The class "Order" was initiated!
2013-10-29T01:23:21+01:00 [Order] The class "Order" was initiated!
2013-10-29T01:23:21+01:00 [Order] Order::GetOrderItem
2013-10-29T01:23:21+01:00 [Order] Select * from OrderItems where order_number <> '' and order_item_id=93
2013-10-29T01:23:22+01:00 [Kit] The class "Kit" was initiated!
2013-10-29T01:25:27+01:00 [Order] The class "Order" was initiated!
2013-10-29T01:25:27+01:00 [Order] The class "Order" was initiated!
2013-10-29T01:25:27+01:00 [Order] The class "Order" was initiated!
2013-10-29T01:25:27+01:00 [Order] The class "Order" was initiated!
2013-10-29T01:25:30+01:00 [Order] The class "Order" was initiated!
2013-10-29T01:25:30+01:00 [Order] Order::GetOrderItem
2013-10-29T01:25:30+01:00 [Order] Select * from OrderItems where order_number <> '' and order_item_id=93
2013-10-29T01:25:31+01:00 [Kit] The class "Kit" was initiated!
2013-10-29T01:26:04+01:00 [Order] The class "Order" was initiated!
2013-10-29T01:26:04+01:00 [Order] The class "Order" was initiated!
2013-10-29T01:26:04+01:00 [Order] The class "Order" was initiated!
2013-10-29T01:26:37+01:00 [Order] The class "Order" was initiated!
2013-10-29T01:26:37+01:00 [Order] Order::GetOrderItem
2013-10-29T01:26:37+01:00 [Order] Select * from OrderItems where order_number <> '' and order_item_id=93
2013-10-29T01:26:38+01:00 [Kit] The class "Kit" was initiated!
2013-10-29T01:32:24+01:00 [Order] The class "Order" was initiated!
2013-10-29T01:32:25+01:00 [Order] The class "Order" was initiated!
2013-10-29T01:32:25+01:00 [Order] The class "Order" was initiated!
2013-10-29T01:32:43+01:00 [Order] The class "Order" was initiated!
2013-10-29T01:32:43+01:00 [Order] Order::GetOrderItem
2013-10-29T01:32:43+01:00 [Order] Select * from OrderItems where order_number <> '' and order_item_id=93
2013-10-29T01:32:43+01:00 [Kit] The class "Kit" was initiated!
2013-10-29T01:33:23+01:00 [Order] The class "Order" was initiated!
2013-10-29T01:33:24+01:00 [Order] The class "Order" was initiated!
2013-10-29T01:33:24+01:00 [Order] The class "Order" was initiated!
2013-10-29T01:33:28+01:00 [Order] The class "Order" was initiated!
2013-10-29T01:33:28+01:00 [Order] Order::GetOrderItem
2013-10-29T01:33:28+01:00 [Order] Select * from OrderItems where order_number <> '' and order_item_id=93
2013-10-29T01:33:28+01:00 [Kit] The class "Kit" was initiated!
2013-10-29T01:33:40+01:00 [Order] The class "Order" was initiated!
2013-10-29T01:33:40+01:00 [Order] The class "Order" was initiated!
2013-10-29T01:33:40+01:00 [Order] The class "Order" was initiated!
2013-10-29T01:39:50+01:00 [Order] The class "Order" was initiated!
2013-10-29T01:39:50+01:00 [Order] Order::GetOrderItem
2013-10-29T01:39:50+01:00 [Order] Select * from OrderItems where order_number <> '' and order_item_id=93
2013-10-29T01:39:51+01:00 [Kit] The class "Kit" was initiated!
2013-10-29T01:40:04+01:00 [Order] The class "Order" was initiated!
2013-10-29T01:40:04+01:00 [Order] Order::UpdateOrderItem
2013-10-29T01:40:04+01:00 [Order] UPDATE OrderItems SET bo_qty=0,pitch_id=520,order_number='130705967', discount=40,category_id='KT', part_number='1234-1', frontSprocket_part_number='', rearSprocket_part_number='', chain_part_number='', carrier_part_number='',description='test 1234 desc W/DID 520DZ2 GOLD/BLACK NON O-RING MX CHAIN',application='test 1234 application',chain_length=100,msrp=52.00,qty=1,discount_price=20.80,unit_price=31.20,total=31.20 where order_item_id=93
2013-10-29T01:40:04+01:00 [Order] The class "Order" was initiated!
2013-10-29T01:40:04+01:00 [Order] The class "Order" was initiated!
2013-10-29T01:40:50+01:00 [Order] The class "Order" was initiated!
2013-10-29T01:40:50+01:00 [Order] Order::GetOrderItem
2013-10-29T01:40:50+01:00 [Order] Select * from OrderItems where order_number <> '' and order_item_id=93
2013-10-29T01:40:50+01:00 [Kit] The class "Kit" was initiated!
2013-10-29T01:40:58+01:00 [Order] The class "Order" was initiated!
2013-10-29T01:40:58+01:00 [Order] Order::UpdateOrderItem
2013-10-29T01:40:58+01:00 [Order] UPDATE OrderItems SET bo_qty=0,pitch_id=520,order_number='130705967', discount=40,category_id='KT', part_number='1234-1', frontSprocket_part_number='', rearSprocket_part_number='', chain_part_number='', carrier_part_number='',description='test 1234 desc W/DID 520DZ2 GOLD/BLACK NON O-RING MX CHAIN',application='test 1234 application',chain_length=100,msrp=52.00,qty=1,discount_price=20.80,unit_price=31.20,total=31.20 where order_item_id=93
2013-10-29T01:40:58+01:00 [Order] The class "Order" was initiated!
2013-10-29T01:40:58+01:00 [Order] The class "Order" was initiated!
2013-10-29T01:41:29+01:00 [Order] The class "Order" was initiated!
2013-10-29T01:41:29+01:00 [Order] Order::GetOrderItem
2013-10-29T01:41:29+01:00 [Order] Select * from OrderItems where order_number <> '' and order_item_id=93
2013-10-29T01:41:29+01:00 [Kit] The class "Kit" was initiated!
2013-10-29T01:41:34+01:00 [Order] The class "Order" was initiated!
2013-10-29T01:41:34+01:00 [Order] Order::UpdateOrderItem
2013-10-29T01:41:34+01:00 [Order] UPDATE OrderItems SET bo_qty=0,pitch_id=520,order_number='130705967', discount=40,category_id='KT', part_number='1234-1', frontSprocket_part_number='', rearSprocket_part_number='', chain_part_number='', carrier_part_number='',description='test 1234 desc W/DID 520DZ2 GOLD/BLACK NON O-RING MX CHAIN',application='test 1234 application',chain_length=100,msrp=52.00,qty=1,discount_price=20.80,unit_price=31.20,total=31.20 where order_item_id=93
2013-10-29T01:41:34+01:00 [Order] The class "Order" was initiated!
2013-10-29T01:41:34+01:00 [Order] The class "Order" was initiated!
2013-10-29T01:43:03+01:00 [Order] The class "Order" was initiated!
2013-10-29T01:43:03+01:00 [Order] Order::GetOrderItem
2013-10-29T01:43:03+01:00 [Order] Select * from OrderItems where order_number <> '' and order_item_id=93
2013-10-29T01:43:04+01:00 [Kit] The class "Kit" was initiated!
2013-10-29T01:50:43+01:00 [Order] The class "Order" was initiated!
2013-10-29T01:50:43+01:00 [Order] Order::UpdateOrderItem
2013-10-29T01:50:43+01:00 [Order] UPDATE OrderItems SET bo_qty=0,pitch_id=520,order_number='130705967', discount=40,category_id='KT', part_number='1234-1', frontSprocket_part_number='', rearSprocket_part_number='', chain_part_number='', carrier_part_number='',description='test 1234 desc W/DID 520DZ2 GOLD/BLACK NON O-RING MX CHAIN',application='test 1234 application',chain_length=100,msrp=52.00,qty=1,discount_price=20.80,unit_price=31.20,total=31.20 where order_item_id=93
2013-10-29T01:50:45+01:00 [Order] The class "Order" was initiated!
2013-10-29T01:50:45+01:00 [Order] The class "Order" was initiated!
2013-10-29T01:50:45+01:00 [Order] The class "Order" was initiated!
2013-10-29T01:50:45+01:00 [Order] The class "Order" was initiated!
2013-10-29T01:50:47+01:00 [Order] The class "Order" was initiated!
2013-10-29T01:50:47+01:00 [Order] Order::GetOrderItem
2013-10-29T01:50:47+01:00 [Order] Select * from OrderItems where order_number <> '' and order_item_id=93
2013-10-29T01:50:48+01:00 [Kit] The class "Kit" was initiated!
2013-10-29T01:51:03+01:00 [Order] The class "Order" was initiated!
2013-10-29T01:51:03+01:00 [Order] Order::UpdateOrderItem
2013-10-29T01:51:03+01:00 [Order] UPDATE OrderItems SET bo_qty=0,pitch_id=520,order_number='130705967', discount=40,category_id='KT', part_number='1234-1', frontSprocket_part_number='', rearSprocket_part_number='', chain_part_number='DA520DZ2-1', carrier_part_number='',description='test 1234 desc W/DID 520DZ2 GOLD/BLACK NON O-RING MX CHAIN',application='test 1234 application',chain_length=100,msrp=52.00,qty=1,discount_price=20.80,unit_price=31.20,total=31.20 where order_item_id=93
2013-10-29T01:51:04+01:00 [Order] The class "Order" was initiated!
2013-10-29T01:51:04+01:00 [Order] The class "Order" was initiated!
2013-10-29T01:51:23+01:00 [Order] The class "Order" was initiated!
2013-10-29T01:51:23+01:00 [Order] Order::GetOrderItem
2013-10-29T01:51:23+01:00 [Order] Select * from OrderItems where order_number <> '' and order_item_id=93
2013-10-29T01:51:24+01:00 [Kit] The class "Kit" was initiated!
2013-10-29T01:53:21+01:00 [Order] The class "Order" was initiated!
2013-10-29T01:53:21+01:00 [Order] Order::GetOrderItem
2013-10-29T01:53:21+01:00 [Order] Select * from OrderItems where order_number <> '' and order_item_id=93
2013-10-29T01:55:02+01:00 [Kit] The class "Kit" was initiated!
2013-10-29T01:55:04+01:00 [Order] The class "Order" was initiated!
2013-10-29T01:55:04+01:00 [Order] The class "Order" was initiated!
2013-10-29T01:55:04+01:00 [Order] The class "Order" was initiated!
2013-10-29T01:55:04+01:00 [Order] The class "Order" was initiated!
2013-10-29T01:55:07+01:00 [Order] The class "Order" was initiated!
2013-10-29T01:55:07+01:00 [Order] Order::GetOrderItem
2013-10-29T01:55:07+01:00 [Order] Select * from OrderItems where order_number <> '' and order_item_id=93
2013-10-29T01:55:14+01:00 [Kit] The class "Kit" was initiated!
2013-10-29T01:55:29+01:00 [Order] The class "Order" was initiated!
2013-10-29T01:55:29+01:00 [Order] Order::UpdateOrderItem
2013-10-29T01:55:29+01:00 [Order] UPDATE OrderItems SET bo_qty=0,pitch_id=520,order_number='130705967', discount=40,category_id='KT', part_number='1234-2', frontSprocket_part_number='', rearSprocket_part_number='', chain_part_number='RG520RH2-2', carrier_part_number='',description='test 1234 desc W/REGINA 520RH2 GOLD/BLACK NON O-RING OFFROAD CHAIN',application='test 1234 application',chain_length=100,msrp=60.00,qty=1,discount_price=24.00,unit_price=36.00,total=36.00 where order_item_id=93
2013-10-29T01:55:29+01:00 [Order] The class "Order" was initiated!
2013-10-29T01:55:29+01:00 [Order] The class "Order" was initiated!
2013-10-29T01:55:36+01:00 [Order] The class "Order" was initiated!
2013-10-29T01:55:36+01:00 [Order] Order::GetOrderItem
2013-10-29T01:55:36+01:00 [Order] Select * from OrderItems where order_number <> '' and order_item_id=93
2013-10-29T01:55:47+01:00 [Kit] The class "Kit" was initiated!
2013-10-29T01:55:58+01:00 [Order] The class "Order" was initiated!
2013-10-29T01:55:58+01:00 [Order] Order::UpdateOrderItem
2013-10-29T01:55:58+01:00 [Order] UPDATE OrderItems SET bo_qty=0,pitch_id=520,order_number='130705967', discount=40,category_id='KT', part_number='1234-2', frontSprocket_part_number='20210R-13', rearSprocket_part_number='', chain_part_number='RG520RH2-2', carrier_part_number='',description='test 1234 desc W/REGINA 520RH2 GOLD/BLACK NON O-RING OFFROAD CHAIN',application='test 1234 application',chain_length=100,msrp=79.95,qty=1,discount_price=31.98,unit_price=47.97,total=47.97 where order_item_id=93
2013-10-29T01:55:58+01:00 [Order] The class "Order" was initiated!
2013-10-29T01:55:58+01:00 [Order] The class "Order" was initiated!
2013-10-29T01:56:02+01:00 [Order] The class "Order" was initiated!
2013-10-29T01:56:02+01:00 [Order] Order::GetOrderItem
2013-10-29T01:56:02+01:00 [Order] Select * from OrderItems where order_number <> '' and order_item_id=93
2013-10-29T01:56:02+01:00 [Kit] The class "Kit" was initiated!
2013-10-29T01:56:11+01:00 [Order] The class "Order" was initiated!
2013-10-29T01:56:11+01:00 [Order] Order::UpdateOrderItem
2013-10-29T01:56:11+01:00 [Order] UPDATE OrderItems SET bo_qty=0,pitch_id=520,order_number='130705967', discount=40,category_id='KT', part_number='1234-2', frontSprocket_part_number='20210R-13', rearSprocket_part_number='', chain_part_number='RG520RH2-2', carrier_part_number='PCD-3K',description='test 1234 desc W/REGINA 520RH2 GOLD/BLACK NON O-RING OFFROAD CHAIN',application='test 1234 application',chain_length=100,msrp=274.90,qty=1,discount_price=109.96,unit_price=164.94,total=164.94 where order_item_id=93
2013-10-29T01:56:12+01:00 [Order] The class "Order" was initiated!
2013-10-29T01:56:12+01:00 [Order] The class "Order" was initiated!
2013-10-29T01:56:15+01:00 [Order] The class "Order" was initiated!
2013-10-29T01:56:15+01:00 [Order] Order::GetOrderItem
2013-10-29T01:56:15+01:00 [Order] Select * from OrderItems where order_number <> '' and order_item_id=93
2013-10-29T01:56:16+01:00 [Kit] The class "Kit" was initiated!
2013-10-29T01:56:29+01:00 [Order] The class "Order" was initiated!
2013-10-29T01:56:29+01:00 [Order] Order::UpdateOrderItem
2013-10-29T01:56:29+01:00 [Order] UPDATE OrderItems SET bo_qty=0,pitch_id=520,order_number='130705967', discount=40,category_id='KT', part_number='1234-2', frontSprocket_part_number='20210R-13', rearSprocket_part_number='', chain_part_number='RG520RH2-2', carrier_part_number='0',description='test 1234 desc W/REGINA 520RH2 GOLD/BLACK NON O-RING OFFROAD CHAIN',application='test 1234 application',chain_length=100,msrp=79.95,qty=1,discount_price=31.98,unit_price=47.97,total=47.97 where order_item_id=93
2013-10-29T01:56:29+01:00 [Order] The class "Order" was initiated!
2013-10-29T01:56:30+01:00 [Order] The class "Order" was initiated!
2013-10-29T01:56:34+01:00 [Order] The class "Order" was initiated!
2013-10-29T01:56:34+01:00 [Order] Order::GetOrderItem
2013-10-29T01:56:34+01:00 [Order] Select * from OrderItems where order_number <> '' and order_item_id=93
2013-10-29T01:56:34+01:00 [Kit] The class "Kit" was initiated!
2013-10-29T01:56:52+01:00 [Order] The class "Order" was initiated!
2013-10-29T01:56:52+01:00 [Order] Order::UpdateOrderItem
2013-10-29T01:56:52+01:00 [Order] UPDATE OrderItems SET bo_qty=0,pitch_id=520,order_number='130705967', discount=40,category_id='KT', part_number='1234-2', frontSprocket_part_number='20210R-13', rearSprocket_part_number='', chain_part_number='RG520RH2-2', carrier_part_number='PCD-2K',description='test 1234 desc W/REGINA 520RH2 GOLD/BLACK NON O-RING OFFROAD CHAIN',application='test 1234 application',chain_length=100,msrp=274.90,qty=1,discount_price=109.96,unit_price=164.94,total=164.94 where order_item_id=93
2013-10-29T01:56:52+01:00 [Order] The class "Order" was initiated!
2013-10-29T01:56:52+01:00 [Order] The class "Order" was initiated!
2013-10-29T01:57:33+01:00 [Order] The class "Order" was initiated!
2013-10-29T01:57:33+01:00 [Order] Order::GetOrderItem
2013-10-29T01:57:33+01:00 [Order] Select * from OrderItems where order_number <> '' and order_item_id=93
2013-10-29T01:57:34+01:00 [Kit] The class "Kit" was initiated!
2013-10-29T01:58:33+01:00 [Order] The class "Order" was initiated!
2013-10-29T01:58:33+01:00 [Order] The class "Order" was initiated!
2013-10-29T01:58:33+01:00 [Order] The class "Order" was initiated!
2013-10-29T01:58:33+01:00 [Order] The class "Order" was initiated!
2013-10-29T01:58:35+01:00 [Order] The class "Order" was initiated!
2013-10-29T01:58:35+01:00 [Order] Order::GetOrderItem
2013-10-29T01:58:35+01:00 [Order] Select * from OrderItems where order_number <> '' and order_item_id=93
2013-10-29T01:58:36+01:00 [Kit] The class "Kit" was initiated!
2013-10-29T02:00:06+01:00 [Order] The class "Order" was initiated!
2013-10-29T02:00:06+01:00 [Order] Order::GetOrderItem
2013-10-29T02:00:06+01:00 [Order] Select * from OrderItems where order_number <> '' and order_item_id=93
2013-10-29T02:00:07+01:00 [Kit] The class "Kit" was initiated!
